<?xml version="1.0" encoding="UTF-8"?>
<testng-results ignored="0" total="1" passed="1" failed="0" skipped="0">
  <reporter-output>
  </reporter-output>
  <suite started-at="2022-12-12T09:43:03 EST" name="Default suite" finished-at="2022-12-12T09:43:32 EST" duration-ms="29176">
    <groups>
    </groups>
    <test started-at="2022-12-12T09:43:03 EST" name="Default test" finished-at="2022-12-12T09:43:32 EST" duration-ms="29176">
      <class name="com.gcr.scripts.TC4">
        <test-method is-config="true" signature="generateReport()[pri:0, instance:com.gcr.scripts.TC4@7bd4937b]" started-at="2022-12-12T09:43:03 EST" name="generateReport" finished-at="2022-12-12T09:43:04 EST" duration-ms="824" status="PASS">
          <reporter-output>
          </reporter-output>
        </test-method> <!-- generateReport -->
        <test-method is-config="true" signature="beforeClass()[pri:0, instance:com.gcr.scripts.TC4@7bd4937b]" started-at="2022-12-12T09:43:04 EST" name="beforeClass" finished-at="2022-12-12T09:43:23 EST" duration-ms="19050" status="PASS">
          <reporter-output>
          </reporter-output>
        </test-method> <!-- beforeClass -->
        <test-method is-config="true" signature="methodName(java.lang.reflect.Method)[pri:0, instance:com.gcr.scripts.TC4@7bd4937b]" started-at="2022-12-12T09:43:23 EST" name="methodName" finished-at="2022-12-12T09:43:23 EST" duration-ms="7" status="PASS">
          <params>
            <param index="0">
              <value>
                <![CDATA[public void com.gcr.scripts.TC4.LoginLogout_WebShop() throws java.lang.Exception]]>
              </value>
            </param>
          </params>
          <reporter-output>
          </reporter-output>
        </test-method> <!-- methodName -->
        <test-method signature="LoginLogout_WebShop()[pri:0, instance:com.gcr.scripts.TC4@7bd4937b]" started-at="2022-12-12T09:43:23 EST" name="LoginLogout_WebShop" finished-at="2022-12-12T09:43:31 EST" duration-ms="7926" status="PASS">
          <reporter-output>
          </reporter-output>
        </test-method> <!-- LoginLogout_WebShop -->
        <test-method is-config="true" signature="afterClass()[pri:0, instance:com.gcr.scripts.TC4@7bd4937b]" started-at="2022-12-12T09:43:31 EST" name="afterClass" finished-at="2022-12-12T09:43:32 EST" duration-ms="1328" status="PASS">
          <reporter-output>
          </reporter-output>
        </test-method> <!-- afterClass -->
      </class> <!-- com.gcr.scripts.TC4 -->
    </test> <!-- Default test -->
  </suite> <!-- Default suite -->
</testng-results>
